{
  "RSpec": {
    "coverage": {
      "/Users/slabounty/code/tarot_trainer/config/environment.rb": {
        "lines": [
          null,
          1,
          null,
          null,
          1
        ]
      },
      "/Users/slabounty/code/tarot_trainer/config/application.rb": {
        "lines": [
          1,
          null,
          1,
          null,
          null,
          null,
          1,
          null,
          1,
          1,
          null,
          1,
          null,
          null,
          null,
          null,
          1,
          null,
          null,
          null,
          null,
          null,
          null,
          null,
          null,
          null,
          null
        ]
      },
      "/Users/slabounty/code/tarot_trainer/config/boot.rb": {
        "lines": [
          1,
          null,
          1,
          1
        ]
      },
      "/Users/slabounty/code/tarot_trainer/config/environments/test.rb": {
        "lines": [
          null,
          null,
          null,
          null,
          null,
          1,
          null,
          null,
          null,
          1,
          null,
          null,
          null,
          null,
          null,
          1,
          null,
          null,
          1,
          null,
          null,
          1,
          1,
          null,
          null,
          1,
          null,
          null,
          1,
          null,
          null,
          1,
          null,
          null,
          null,
          null,
          1,
          null,
          null,
          1,
          null,
          null,
          1,
          null,
          null,
          null,
          null,
          null,
          null,
          null,
          null,
          1,
          null
        ]
      },
      "/Users/slabounty/code/tarot_trainer/config/initializers/assets.rb": {
        "lines": [
          null,
          null,
          null,
          1,
          null,
          null,
          null
        ]
      },
      "/Users/slabounty/code/tarot_trainer/config/initializers/cards.rb": {
        "lines": [
          1
        ]
      },
      "/Users/slabounty/code/tarot_trainer/config/initializers/content_security_policy.rb": {
        "lines": [
          null,
          null,
          null,
          null,
          null,
          null,
          null,
          null,
          null,
          null,
          null,
          null,
          null,
          null,
          null,
          null,
          null,
          null,
          null,
          null,
          null,
          null,
          null,
          null,
          null
        ]
      },
      "/Users/slabounty/code/tarot_trainer/config/initializers/filter_parameter_logging.rb": {
        "lines": [
          null,
          null,
          null,
          null,
          null,
          1,
          null,
          null
        ]
      },
      "/Users/slabounty/code/tarot_trainer/config/initializers/inflections.rb": {
        "lines": [
          null,
          null,
          null,
          null,
          null,
          null,
          null,
          null,
          null,
          null,
          null,
          null,
          null,
          null,
          null,
          null
        ]
      },
      "/Users/slabounty/code/tarot_trainer/app/helpers/application_helper.rb": {
        "lines": [
          1,
          null
        ]
      },
      "/Users/slabounty/code/tarot_trainer/app/helpers/sessions_helper.rb": {
        "lines": [
          1,
          null
        ]
      },
      "/Users/slabounty/code/tarot_trainer/app/helpers/splash_helper.rb": {
        "lines": [
          1,
          null
        ]
      },
      "/Users/slabounty/code/tarot_trainer/app/helpers/users_helper.rb": {
        "lines": [
          1,
          null
        ]
      },
      "/Users/slabounty/code/tarot_trainer/app/models/user.rb": {
        "lines": [
          null,
          1,
          1,
          1,
          null
        ]
      },
      "/Users/slabounty/code/tarot_trainer/app/models/application_record.rb": {
        "lines": [
          1,
          1,
          null
        ]
      },
      "/Users/slabounty/code/tarot_trainer/config/routes.rb": {
        "lines": [
          1,
          1,
          1,
          1,
          null,
          null,
          1,
          null,
          1,
          1,
          null,
          1,
          1,
          1,
          null,
          1,
          null,
          null,
          null,
          1,
          null,
          null,
          null,
          null,
          null,
          null,
          null,
          null
        ]
      },
      "/Users/slabounty/code/tarot_trainer/app/controllers/sessions_controller.rb": {
        "lines": [
          1,
          1,
          null,
          1,
          null,
          null,
          1,
          2,
          2,
          1,
          1,
          null,
          1,
          1,
          null,
          null,
          null,
          1,
          1,
          1,
          null,
          null
        ]
      },
      "/Users/slabounty/code/tarot_trainer/app/controllers/application_controller.rb": {
        "lines": [
          1,
          1,
          null,
          1,
          18,
          null,
          null,
          1,
          18,
          null,
          null,
          1,
          4,
          null,
          null,
          1,
          6,
          null,
          null
        ]
      },
      "/Users/slabounty/code/tarot_trainer/app/controllers/tarot_controller.rb": {
        "lines": [
          1,
          1,
          null,
          1,
          3,
          3,
          null,
          null
        ]
      },
      "/Users/slabounty/code/tarot_trainer/app/controllers/users_controller.rb": {
        "lines": [
          1,
          1,
          null,
          1,
          0,
          null,
          null,
          1,
          4,
          4,
          2,
          2,
          null,
          2,
          null,
          null,
          null,
          1,
          null,
          1,
          4,
          null,
          null
        ]
      },
      "/Users/slabounty/code/tarot_trainer/app/controllers/splash_controller.rb": {
        "lines": [
          1,
          1,
          2,
          null,
          null
        ]
      }
    },
    "timestamp": 1764558404
  }
}
